# YYYY-MM-DD type distance time speed
# Use any two of distance, time, speed; the third is computed.
# Examples:
# 2026-02-15 interval 5km 25:00
# 2026-02-16 tempo distance=6km time=30:00
# 2026-02-17 easy 5km speed=10km/h | comments are allowed
# ------------------------------------------------------------------------------

2026-03-26 long 10km 59:28
2026-03-23 interval 4km 19:55 | 3 min @ 12.8 km/h, 2 min @ 10.8 km/h

2026-03-22 recovery 4km 28:00
2026-03-19 tempo 4km 21:15
2026-03-18 long 9km 57:12
2026-03-16 easy 5km 34:06

2026-03-15 recovery 4km 27:17
2026-03-12 easy 6km 42:22 | 8.5km/h is much better pace for easy run
2026-03-10 long 7km 49:25 | 138-142 hr
2026-03-09 interval 3km 16:10 | 3 min @ 12.5 km/h, 2 min @ 8.5 km/h

2026-03-05 tempo 3km 15:56
2026-03-04 long 8km 50:12 | hr too high
2026-03-02 easy 7km 9.4km/h | better than last week

2026-03-01 recovery 4km 8.6km/h
2026-02-26 easy 6km 38:43 | easy runs still don't feel that easy.
2026-02-24 long 7km 45:02
2026-02-23 interval 3km 16:45 | 3 min @ 12.3 km/h, 2 min @ 8 km/h

2026-02-22 race 5km 28:15 | parkrun sorrento
2026-02-18 tempo 3km 11.1km/h
2026-02-17 long 6km 9.6km/h
2026-02-16 easy 5km 9.2km/h

2026-02-15 recovery 3km 9.2km/h
2026-02-12 easy 4km 9.1km/h
2026-02-10 long 4km 9.4km/h
2026-02-09 interval 2km 11:00 | 3 min @ 12 km/h, 1 min @ 8 km/h

2026-02-08 recovery 3km 9.3km/h
2026-02-05 tempo 2km 11km/h
2026-02-03 long 6km 9.6km/h
2026-02-02 easy 5km 10.2km/h

2026-02-01 recovery 3km 9.2km/h
2026-01-29 easy 4km 9.1km/h
2026-01-27 long 4km 9.5km/h
2026-01-26 interval 2km 13:00 | 3 min @ 11.8km/h, 2 min @ 5 km/h

2026-01-25 recovery 2km 9.2km/h
2026-01-22 tempo 2km 10.7km/h
2026-01-20 long 4km 9.4km/h
2026-01-19 easy 3km 8.7km/h